[2026-06-03 11:51:21.49414] [333763] [info] Connected to dbi:SQLite:dbname=/home/ron/perl.modules/CPAN-MetaCurator/data/cpan.metacurator.sqlite
[2026-06-03 11:51:21.49955] [333763] [info] Connected to dbi:SQLite:dbname=/tmp/cpan.metapackager.sqlite
[2026-06-03 11:51:22.28522] [333763] [info] Including metapackager table 'packages'
[2026-06-03 11:51:22.28529] [333763] [info] Size of cpan.metapackager.sqlite table 'packages': 264312
[2026-06-03 11:51:22.31621] [333763] [info] --------------------------------------------------
[2026-06-03 11:51:22.31632] [333763] [info] Topic: id: 1. html_id: 1. title: MetaCurator
[2026-06-03 11:51:22.31634] [333763] [info] --------------------------------------------------
[2026-06-03 11:51:22.31636] [333763] [info] Topic: id: 2. html_id: 2. title: ABeCeDarian
[2026-06-03 11:51:22.31913] [333763] [info] --------------------------------------------------
[2026-06-03 11:51:22.31917] [333763] [info] Topic: id: 3. html_id: 3. title: Acronyms
[2026-06-03 11:51:22.32021] [333763] [info] --------------------------------------------------
[2026-06-03 11:51:22.32029] [333763] [info] Topic: id: 4. html_id: 4. title: AdventPlanet
[2026-06-03 11:51:22.32058] [333763] [info] --------------------------------------------------
[2026-06-03 11:51:22.32061] [333763] [info] Topic: id: 5. html_id: 5. title: AiEngines
[2026-06-03 11:51:22.32100] [333763] [info] --------------------------------------------------
[2026-06-03 11:51:22.32103] [333763] [info] Topic: id: 6. html_id: 6. title: AlgorithmicStuff
[2026-06-03 11:51:22.32136] [333763] [info] --------------------------------------------------
[2026-06-03 11:51:22.32139] [333763] [info] Topic: id: 7. html_id: 7. title: AnimationStuff
[2026-06-03 11:51:22.32165] [333763] [info] --------------------------------------------------
[2026-06-03 11:51:22.32168] [333763] [info] Topic: id: 8. html_id: 8. title: AntiVirusStuff
[2026-06-03 11:51:22.32193] [333763] [info] --------------------------------------------------
[2026-06-03 11:51:22.32196] [333763] [info] Topic: id: 9. html_id: 9. title: ApacheStuff
[2026-06-03 11:51:22.32227] [333763] [info] --------------------------------------------------
[2026-06-03 11:51:22.32229] [333763] [info] Topic: id: 10. html_id: 10. title: AppleMac
[2026-06-03 11:51:22.32256] [333763] [info] --------------------------------------------------
[2026-06-03 11:51:22.32259] [333763] [info] Topic: id: 11. html_id: 11. title: ArchiveFiles
[2026-06-03 11:51:22.32311] [333763] [info] --------------------------------------------------
[2026-06-03 11:51:22.32314] [333763] [info] Topic: id: 12. html_id: 12. title: ArchOS
[2026-06-03 11:51:22.32341] [333763] [info] --------------------------------------------------
[2026-06-03 11:51:22.32344] [333763] [info] Topic: id: 13. html_id: 13. title: ArrayHandling
[2026-06-03 11:51:22.32380] [333763] [info] --------------------------------------------------
[2026-06-03 11:51:22.32383] [333763] [info] Topic: id: 14. html_id: 14. title: AsciiCodes
[2026-06-03 11:51:22.32409] [333763] [info] --------------------------------------------------
[2026-06-03 11:51:22.32412] [333763] [info] Topic: id: 15. html_id: 15. title: ASN
[2026-06-03 11:51:22.32442] [333763] [info] --------------------------------------------------
[2026-06-03 11:51:22.32445] [333763] [info] Topic: id: 16. html_id: 16. title: AssemblerX86
[2026-06-03 11:51:22.32471] [333763] [info] --------------------------------------------------
[2026-06-03 11:51:22.32474] [333763] [info] Topic: id: 17. html_id: 17. title: AstroStuff
[2026-06-03 11:51:22.32502] [333763] [info] --------------------------------------------------
[2026-06-03 11:51:22.32505] [333763] [info] Topic: id: 18. html_id: 18. title: AudioVisual
[2026-06-03 11:51:22.32535] [333763] [info] --------------------------------------------------
[2026-06-03 11:51:22.32538] [333763] [info] Topic: id: 19. html_id: 19. title: AutoCAD
[2026-06-03 11:51:22.32565] [333763] [info] --------------------------------------------------
[2026-06-03 11:51:22.32568] [333763] [info] Topic: id: 20. html_id: 20. title: BarCodes
[2026-06-03 11:51:22.32596] [333763] [info] --------------------------------------------------
[2026-06-03 11:51:22.32599] [333763] [info] Topic: id: 21. html_id: 21. title: BenchmarkingTools
[2026-06-03 11:51:22.32627] [333763] [info] --------------------------------------------------
[2026-06-03 11:51:22.32630] [333763] [info] Topic: id: 22. html_id: 22. title: BibliographicStuff
[2026-06-03 11:51:22.32671] [333763] [info] --------------------------------------------------
[2026-06-03 11:51:22.32674] [333763] [info] Topic: id: 23. html_id: 23. title: BillOfMaterials
[2026-06-03 11:51:22.32700] [333763] [info] --------------------------------------------------
[2026-06-03 11:51:22.32703] [333763] [info] Topic: id: 24. html_id: 24. title: BioInformatics
[2026-06-03 11:51:22.32732] [333763] [info] --------------------------------------------------
[2026-06-03 11:51:22.32735] [333763] [info] Topic: id: 25. html_id: 25. title: BlockChain
[2026-06-03 11:51:22.32761] [333763] [info] --------------------------------------------------
[2026-06-03 11:51:22.32764] [333763] [info] Topic: id: 26. html_id: 26. title: BoneMarrrowDonorRegistry
[2026-06-03 11:51:22.32789] [333763] [info] --------------------------------------------------
[2026-06-03 11:51:22.32792] [333763] [info] Topic: id: 27. html_id: 27. title: BrowserStuff
[2026-06-03 11:51:22.32824] [333763] [info] --------------------------------------------------
[2026-06-03 11:51:22.32827] [333763] [info] Topic: id: 28. html_id: 28. title: BsdWare
[2026-06-03 11:51:22.32853] [333763] [info] --------------------------------------------------
[2026-06-03 11:51:22.32856] [333763] [info] Topic: id: 29. html_id: 29. title: BusinessApps
[2026-06-03 11:51:22.32897] [333763] [info] --------------------------------------------------
[2026-06-03 11:51:22.32900] [333763] [info] Topic: id: 30. html_id: 30. title: CachingStuff
[2026-06-03 11:51:22.32942] [333763] [info] --------------------------------------------------
[2026-06-03 11:51:22.32945] [333763] [info] Topic: id: 31. html_id: 31. title: CaptchaStuff
[2026-06-03 11:51:22.32973] [333763] [info] --------------------------------------------------
[2026-06-03 11:51:22.32976] [333763] [info] Topic: id: 32. html_id: 32. title: ChartingAndPlotting
[2026-06-03 11:51:22.33025] [333763] [info] --------------------------------------------------
[2026-06-03 11:51:22.33028] [333763] [info] Topic: id: 33. html_id: 33. title: ChemistryStuff
[2026-06-03 11:51:22.33058] [333763] [info] --------------------------------------------------
[2026-06-03 11:51:22.33061] [333763] [info] Topic: id: 34. html_id: 34. title: ChildProcesses
[2026-06-03 11:51:22.33103] [333763] [info] --------------------------------------------------
[2026-06-03 11:51:22.33106] [333763] [info] Topic: id: 35. html_id: 35. title: ClipBoard
[2026-06-03 11:51:22.33134] [333763] [info] --------------------------------------------------
[2026-06-03 11:51:22.33137] [333763] [info] Topic: id: 36. html_id: 36. title: CodingStyle
[2026-06-03 11:51:22.33170] [333763] [info] --------------------------------------------------
[2026-06-03 11:51:22.33173] [333763] [info] Topic: id: 37. html_id: 37. title: Color
[2026-06-03 11:51:22.33211] [333763] [info] --------------------------------------------------
[2026-06-03 11:51:22.33214] [333763] [info] Topic: id: 38. html_id: 38. title: CommandLineStuff
[2026-06-03 11:51:22.33275] [333763] [info] --------------------------------------------------
[2026-06-03 11:51:22.33278] [333763] [info] Topic: id: 39. html_id: 39. title: ConfigFiles
[2026-06-03 11:51:22.33321] [333763] [info] --------------------------------------------------
[2026-06-03 11:51:22.33324] [333763] [info] Topic: id: 40. html_id: 40. title: ConstantStuff
[2026-06-03 11:51:22.33356] [333763] [info] --------------------------------------------------
[2026-06-03 11:51:22.33360] [333763] [info] Topic: id: 41. html_id: 41. title: CPAN
[2026-06-03 11:51:22.33422] [333763] [info] --------------------------------------------------
[2026-06-03 11:51:22.33425] [333763] [info] Topic: id: 42. html_id: 42. title: CpanFile
[2026-06-03 11:51:22.33459] [333763] [info] --------------------------------------------------
[2026-06-03 11:51:22.33462] [333763] [info] Topic: id: 43. html_id: 43. title: cron
[2026-06-03 11:51:22.33490] [333763] [info] --------------------------------------------------
[2026-06-03 11:51:22.33493] [333763] [info] Topic: id: 44. html_id: 44. title: CryptoStuff
[2026-06-03 11:51:22.33576] [333763] [info] --------------------------------------------------
[2026-06-03 11:51:22.33578] [333763] [info] Topic: id: 45. html_id: 45. title: CssStuff
[2026-06-03 11:51:22.33607] [333763] [info] --------------------------------------------------
[2026-06-03 11:51:22.33610] [333763] [info] Topic: id: 46. html_id: 46. title: DatabaseAndSQL
[2026-06-03 11:51:22.33702] [333763] [info] --------------------------------------------------
[2026-06-03 11:51:22.33705] [333763] [info] Topic: id: 47. html_id: 47. title: DataTraversal
[2026-06-03 11:51:22.33818] [333763] [info] --------------------------------------------------
[2026-06-03 11:51:22.33821] [333763] [info] Topic: id: 48. html_id: 48. title: DataTypes
[2026-06-03 11:51:22.33878] [333763] [info] --------------------------------------------------
[2026-06-03 11:51:22.33881] [333763] [info] Topic: id: 49. html_id: 49. title: DataValidation
[2026-06-03 11:51:22.33939] [333763] [info] --------------------------------------------------
[2026-06-03 11:51:22.33942] [333763] [info] Topic: id: 50. html_id: 50. title: DatesAndTimes
[2026-06-03 11:51:22.34007] [333763] [info] --------------------------------------------------
[2026-06-03 11:51:22.34010] [333763] [info] Topic: id: 51. html_id: 51. title: DebianOS
[2026-06-03 11:51:22.34039] [333763] [info] --------------------------------------------------
[2026-06-03 11:51:22.34043] [333763] [info] Topic: id: 52. html_id: 52. title: DebuggingStuff
[2026-06-03 11:51:22.34080] [333763] [info] --------------------------------------------------
[2026-06-03 11:51:22.34083] [333763] [info] Topic: id: 53. html_id: 53. title: DFA
[2026-06-03 11:51:22.34113] [333763] [info] --------------------------------------------------
[2026-06-03 11:51:22.34116] [333763] [info] Topic: id: 54. html_id: 54. title: DistZilla
[2026-06-03 11:51:22.34142] [333763] [info] --------------------------------------------------
[2026-06-03 11:51:22.34145] [333763] [info] Topic: id: 55. html_id: 55. title: DnsStuff
[2026-06-03 11:51:22.34180] [333763] [info] --------------------------------------------------
[2026-06-03 11:51:22.34183] [333763] [info] Topic: id: 56. html_id: 56. title: EBookHandling
[2026-06-03 11:51:22.34212] [333763] [info] --------------------------------------------------
[2026-06-03 11:51:22.34215] [333763] [info] Topic: id: 57. html_id: 57. title: EditorConfigFiles
[2026-06-03 11:51:22.34241] [333763] [info] --------------------------------------------------
[2026-06-03 11:51:22.34244] [333763] [info] Topic: id: 58. html_id: 58. title: EmailStuff
[2026-06-03 11:51:22.34295] [333763] [info] --------------------------------------------------
[2026-06-03 11:51:22.34298] [333763] [info] Topic: id: 59. html_id: 59. title: EnumStuff
[2026-06-03 11:51:22.34328] [333763] [info] --------------------------------------------------
[2026-06-03 11:51:22.34331] [333763] [info] Topic: id: 60. html_id: 60. title: EventStuff
[2026-06-03 11:51:22.34400] [333763] [info] --------------------------------------------------
[2026-06-03 11:51:22.34403] [333763] [info] Topic: id: 61. html_id: 61. title: ExceptionHandling
[2026-06-03 11:51:22.34449] [333763] [info] --------------------------------------------------
[2026-06-03 11:51:22.34453] [333763] [info] Topic: id: 62. html_id: 62. title: ExtensibleProvisioningProtocol
[2026-06-03 11:51:22.34481] [333763] [info] --------------------------------------------------
[2026-06-03 11:51:22.34484] [333763] [info] Topic: id: 63. html_id: 63. title: FAQ
[2026-06-03 11:51:22.34514] [333763] [info] --------------------------------------------------
[2026-06-03 11:51:22.34518] [333763] [info] Topic: id: 64. html_id: 64. title: FeaturesAndPragmas
[2026-06-03 11:51:22.34552] [333763] [info] --------------------------------------------------
[2026-06-03 11:51:22.34555] [333763] [info] Topic: id: 65. html_id: 65. title: FileHandling
[2026-06-03 11:51:22.34636] [333763] [info] --------------------------------------------------
[2026-06-03 11:51:22.34639] [333763] [info] Topic: id: 66. html_id: 66. title: FindDependencies
[2026-06-03 11:51:22.34667] [333763] [info] --------------------------------------------------
[2026-06-03 11:51:22.34670] [333763] [info] Topic: id: 67. html_id: 67. title: Games
[2026-06-03 11:51:22.34706] [333763] [info] --------------------------------------------------
[2026-06-03 11:51:22.34709] [333763] [info] Topic: id: 68. html_id: 68. title: GenealogyStuff
[2026-06-03 11:51:22.34739] [333763] [info] --------------------------------------------------
[2026-06-03 11:51:22.34742] [333763] [info] Topic: id: 69. html_id: 69. title: GeographicStuff
[2026-06-03 11:51:22.34794] [333763] [info] --------------------------------------------------
[2026-06-03 11:51:22.34797] [333763] [info] Topic: id: 70. html_id: 70. title: GitStuff
[2026-06-03 11:51:22.34834] [333763] [info] --------------------------------------------------
[2026-06-03 11:51:22.34838] [333763] [info] Topic: id: 71. html_id: 71. title: GnuPG
[2026-06-03 11:51:22.34864] [333763] [info] --------------------------------------------------
[2026-06-03 11:51:22.34867] [333763] [info] Topic: id: 72. html_id: 72. title: GoogleStuff
[2026-06-03 11:51:22.34894] [333763] [info] --------------------------------------------------
[2026-06-03 11:51:22.34897] [333763] [info] Topic: id: 73. html_id: 73. title: Graphs
[2026-06-03 11:51:22.34931] [333763] [info] --------------------------------------------------
[2026-06-03 11:51:22.34934] [333763] [info] Topic: id: 74. html_id: 74. title: HaikuOS
[2026-06-03 11:51:22.34960] [333763] [info] --------------------------------------------------
[2026-06-03 11:51:22.34963] [333763] [info] Topic: id: 75. html_id: 75. title: HardwareStuff
[2026-06-03 11:51:22.34995] [333763] [info] --------------------------------------------------
[2026-06-03 11:51:22.34998] [333763] [info] Topic: id: 76. html_id: 76. title: HashHandling
[2026-06-03 11:51:22.35041] [333763] [info] --------------------------------------------------
[2026-06-03 11:51:22.35044] [333763] [info] Topic: id: 77. html_id: 77. title: HealthMatters
[2026-06-03 11:51:22.35072] [333763] [info] --------------------------------------------------
[2026-06-03 11:51:22.35075] [333763] [info] Topic: id: 78. html_id: 78. title: HTMLHandling
[2026-06-03 11:51:22.35123] [333763] [info] --------------------------------------------------
[2026-06-03 11:51:22.35126] [333763] [info] Topic: id: 79. html_id: 79. title: HTTPHandling
[2026-06-03 11:51:22.35188] [333763] [info] --------------------------------------------------
[2026-06-03 11:51:22.35191] [333763] [info] Topic: id: 80. html_id: 80. title: HTTPServers
[2026-06-03 11:51:22.35240] [333763] [info] --------------------------------------------------
[2026-06-03 11:51:22.35243] [333763] [info] Topic: id: 81. html_id: 81. title: HumanRights
[2026-06-03 11:51:22.35270] [333763] [info] --------------------------------------------------
[2026-06-03 11:51:22.35273] [333763] [info] Topic: id: 82. html_id: 82. title: IoLayers
[2026-06-03 11:51:22.35305] [333763] [info] --------------------------------------------------
[2026-06-03 11:51:22.35308] [333763] [info] Topic: id: 83. html_id: 83. title: JavaScript
[2026-06-03 11:51:22.35338] [333763] [info] --------------------------------------------------
[2026-06-03 11:51:22.35341] [333763] [info] Topic: id: 84. html_id: 84. title: JsonStuff
[2026-06-03 11:51:22.35391] [333763] [info] --------------------------------------------------
[2026-06-03 11:51:22.35394] [333763] [info] Topic: id: 85. html_id: 85. title: KohaLibrary
[2026-06-03 11:51:22.35421] [333763] [info] --------------------------------------------------
[2026-06-03 11:51:22.35424] [333763] [info] Topic: id: 86. html_id: 86. title: KubernetesStuff
[2026-06-03 11:51:22.35452] [333763] [info] --------------------------------------------------
[2026-06-03 11:51:22.35455] [333763] [info] Topic: id: 87. html_id: 87. title: LaTeX
[2026-06-03 11:51:22.35483] [333763] [info] --------------------------------------------------
[2026-06-03 11:51:22.35486] [333763] [info] Topic: id: 88. html_id: 88. title: LicenceStuff
[2026-06-03 11:51:22.35551] [333763] [info] --------------------------------------------------
[2026-06-03 11:51:22.35554] [333763] [info] Topic: id: 89. html_id: 89. title: LinguaStuff
[2026-06-03 11:51:22.35607] [333763] [info] --------------------------------------------------
[2026-06-03 11:51:22.35610] [333763] [info] Topic: id: 90. html_id: 90. title: LinuxOS
[2026-06-03 11:51:22.35644] [333763] [info] --------------------------------------------------
[2026-06-03 11:51:22.35648] [333763] [info] Topic: id: 91. html_id: 91. title: LocaleStuff
[2026-06-03 11:51:22.35687] [333763] [info] --------------------------------------------------
[2026-06-03 11:51:22.35690] [333763] [info] Topic: id: 92. html_id: 92. title: LoggingStuff
[2026-06-03 11:51:22.35733] [333763] [info] --------------------------------------------------
[2026-06-03 11:51:22.35736] [333763] [info] Topic: id: 93. html_id: 93. title: MarkdownHandling
[2026-06-03 11:51:22.35774] [333763] [info] --------------------------------------------------
[2026-06-03 11:51:22.35777] [333763] [info] Topic: id: 94. html_id: 94. title: MarlinStuff
[2026-06-03 11:51:22.35805] [333763] [info] --------------------------------------------------
[2026-06-03 11:51:22.35808] [333763] [info] Topic: id: 95. html_id: 95. title: Marpa
[2026-06-03 11:51:22.35839] [333763] [info] --------------------------------------------------
[2026-06-03 11:51:22.35841] [333763] [info] Topic: id: 96. html_id: 96. title: MathsLibraries
[2026-06-03 11:51:22.35905] [333763] [info] --------------------------------------------------
[2026-06-03 11:51:22.35908] [333763] [info] Topic: id: 97. html_id: 97. title: MeasureMetrics
[2026-06-03 11:51:22.35941] [333763] [info] --------------------------------------------------
[2026-06-03 11:51:22.35944] [333763] [info] Topic: id: 98. html_id: 98. title: MemoryUsage
[2026-06-03 11:51:22.35974] [333763] [info] --------------------------------------------------
[2026-06-03 11:51:22.35977] [333763] [info] Topic: id: 99. html_id: 99. title: MobilePhones
[2026-06-03 11:51:22.36004] [333763] [info] --------------------------------------------------
[2026-06-03 11:51:22.36007] [333763] [info] Topic: id: 100. html_id: 100. title: ModernPerl
[2026-06-03 11:51:22.36034] [333763] [info] --------------------------------------------------
[2026-06-03 11:51:22.36037] [333763] [info] Topic: id: 101. html_id: 101. title: ModuleBuilding
[2026-06-03 11:51:22.36184] [333763] [info] --------------------------------------------------
[2026-06-03 11:51:22.36188] [333763] [info] Topic: id: 102. html_id: 102. title: ModulePlugins
[2026-06-03 11:51:22.36220] [333763] [info] --------------------------------------------------
[2026-06-03 11:51:22.36223] [333763] [info] Topic: id: 103. html_id: 103. title: MonkeyLanguage
[2026-06-03 11:51:22.36248] [333763] [info] --------------------------------------------------
[2026-06-03 11:51:22.36251] [333763] [info] Topic: id: 104. html_id: 104. title: MusicStuff
[2026-06-03 11:51:22.36291] [333763] [info] --------------------------------------------------
[2026-06-03 11:51:22.36294] [333763] [info] Topic: id: 105. html_id: 105. title: NetworkProgramming
[2026-06-03 11:51:22.36342] [333763] [info] --------------------------------------------------
[2026-06-03 11:51:22.36345] [333763] [info] Topic: id: 106. html_id: 106. title: NewOperators
[2026-06-03 11:51:22.36382] [333763] [info] --------------------------------------------------
[2026-06-03 11:51:22.36385] [333763] [info] Topic: id: 107. html_id: 107. title: OfficeFiles
[2026-06-03 11:51:22.36416] [333763] [info] --------------------------------------------------
[2026-06-03 11:51:22.36419] [333763] [info] Topic: id: 108. html_id: 108. title: OpenGL
[2026-06-03 11:51:22.36446] [333763] [info] --------------------------------------------------
[2026-06-03 11:51:22.36450] [333763] [info] Topic: id: 109. html_id: 109. title: OpenGraphProtocol
[2026-06-03 11:51:22.36476] [333763] [info] --------------------------------------------------
[2026-06-03 11:51:22.36479] [333763] [info] Topic: id: 110. html_id: 110. title: OpenTelemetry
[2026-06-03 11:51:22.36507] [333763] [info] --------------------------------------------------
[2026-06-03 11:51:22.36510] [333763] [info] Topic: id: 111. html_id: 111. title: OrgDocHandling
[2026-06-03 11:51:22.36538] [333763] [info] --------------------------------------------------
[2026-06-03 11:51:22.36541] [333763] [info] Topic: id: 112. html_id: 112. title: PacketCapture
[2026-06-03 11:51:22.36569] [333763] [info] --------------------------------------------------
[2026-06-03 11:51:22.36572] [333763] [info] Topic: id: 113. html_id: 113. title: ParallelProcessing
[2026-06-03 11:51:22.36618] [333763] [info] --------------------------------------------------
[2026-06-03 11:51:22.36621] [333763] [info] Topic: id: 114. html_id: 114. title: ParsingStuff
[2026-06-03 11:51:22.36653] [333763] [info] --------------------------------------------------
[2026-06-03 11:51:22.36656] [333763] [info] Topic: id: 115. html_id: 115. title: PdfStuff
[2026-06-03 11:51:22.36703] [333763] [info] --------------------------------------------------
[2026-06-03 11:51:22.36706] [333763] [info] Topic: id: 116. html_id: 116. title: PdlLanguage
[2026-06-03 11:51:22.36738] [333763] [info] --------------------------------------------------
[2026-06-03 11:51:22.36741] [333763] [info] Topic: id: 117. html_id: 117. title: Perl6
[2026-06-03 11:51:22.36767] [333763] [info] --------------------------------------------------
[2026-06-03 11:51:22.36770] [333763] [info] Topic: id: 118. html_id: 118. title: PerlDeltas
[2026-06-03 11:51:22.36795] [333763] [info] --------------------------------------------------
[2026-06-03 11:51:22.36798] [333763] [info] Topic: id: 119. html_id: 119. title: PerlDistros
[2026-06-03 11:51:22.36825] [333763] [info] --------------------------------------------------
[2026-06-03 11:51:22.36829] [333763] [info] Topic: id: 120. html_id: 120. title: PerlDocumentation
[2026-06-03 11:51:22.36859] [333763] [info] --------------------------------------------------
[2026-06-03 11:51:22.36862] [333763] [info] Topic: id: 121. html_id: 121. title: PerlInternals
[2026-06-03 11:51:22.36900] [333763] [info] --------------------------------------------------
[2026-06-03 11:51:22.36903] [333763] [info] Topic: id: 122. html_id: 122. title: PhoneNumbers
[2026-06-03 11:51:22.36929] [333763] [info] --------------------------------------------------
[2026-06-03 11:51:22.36932] [333763] [info] Topic: id: 123. html_id: 123. title: PhpStuff
[2026-06-03 11:51:22.36957] [333763] [info] --------------------------------------------------
[2026-06-03 11:51:22.36960] [333763] [info] Topic: id: 124. html_id: 124. title: PipeLines
[2026-06-03 11:51:22.36988] [333763] [info] --------------------------------------------------
[2026-06-03 11:51:22.36991] [333763] [info] Topic: id: 125. html_id: 125. title: PlackServer
[2026-06-03 11:51:22.37030] [333763] [info] --------------------------------------------------
[2026-06-03 11:51:22.37033] [333763] [info] Topic: id: 126. html_id: 126. title: PodHandling
[2026-06-03 11:51:22.37073] [333763] [info] --------------------------------------------------
[2026-06-03 11:51:22.37076] [333763] [info] Topic: id: 127. html_id: 127. title: PoeStuff
[2026-06-03 11:51:22.37105] [333763] [info] --------------------------------------------------
[2026-06-03 11:51:22.37108] [333763] [info] Topic: id: 128. html_id: 128. title: POSIX
[2026-06-03 11:51:22.37135] [333763] [info] --------------------------------------------------
[2026-06-03 11:51:22.37138] [333763] [info] Topic: id: 129. html_id: 129. title: ProfilingCode
[2026-06-03 11:51:22.37164] [333763] [info] --------------------------------------------------
[2026-06-03 11:51:22.37168] [333763] [info] Topic: id: 130. html_id: 130. title: ProjectManagement
[2026-06-03 11:51:22.37196] [333763] [info] --------------------------------------------------
[2026-06-03 11:51:22.37199] [333763] [info] Topic: id: 131. html_id: 131. title: ProperNames
[2026-06-03 11:51:22.37227] [333763] [info] --------------------------------------------------
[2026-06-03 11:51:22.37230] [333763] [info] Topic: id: 132. html_id: 132. title: QrCodes
[2026-06-03 11:51:22.37257] [333763] [info] --------------------------------------------------
[2026-06-03 11:51:22.37260] [333763] [info] Topic: id: 133. html_id: 133. title: RabbitMQ
[2026-06-03 11:51:22.37287] [333763] [info] --------------------------------------------------
[2026-06-03 11:51:22.37290] [333763] [info] Topic: id: 134. html_id: 134. title: RakuLanguage
[2026-06-03 11:51:22.37316] [333763] [info] --------------------------------------------------
[2026-06-03 11:51:22.37319] [333763] [info] Topic: id: 135. html_id: 135. title: RaspberryPi
[2026-06-03 11:51:22.37344] [333763] [info] --------------------------------------------------
[2026-06-03 11:51:22.37347] [333763] [info] Topic: id: 136. html_id: 136. title: RedBlackTrees
[2026-06-03 11:51:22.37374] [333763] [info] --------------------------------------------------
[2026-06-03 11:51:22.37377] [333763] [info] Topic: id: 137. html_id: 137. title: ReferenceStuff
[2026-06-03 11:51:22.37403] [333763] [info] --------------------------------------------------
[2026-06-03 11:51:22.37406] [333763] [info] Topic: id: 138. html_id: 138. title: RegexpStuff
[2026-06-03 11:51:22.37440] [333763] [info] --------------------------------------------------
[2026-06-03 11:51:22.37443] [333763] [info] Topic: id: 139. html_id: 139. title: RegistrySystemTesting
[2026-06-03 11:51:22.37469] [333763] [info] --------------------------------------------------
[2026-06-03 11:51:22.37472] [333763] [info] Topic: id: 140. html_id: 140. title: RemoteDesktops
[2026-06-03 11:51:22.37499] [333763] [info] --------------------------------------------------
[2026-06-03 11:51:22.37502] [333763] [info] Topic: id: 141. html_id: 141. title: RequestTracker
[2026-06-03 11:51:22.37543] [333763] [info] --------------------------------------------------
[2026-06-03 11:51:22.37546] [333763] [info] Topic: id: 142. html_id: 142. title: RestfulInterface
[2026-06-03 11:51:22.37572] [333763] [info] --------------------------------------------------
[2026-06-03 11:51:22.37575] [333763] [info] Topic: id: 143. html_id: 143. title: RotateLogFiles
[2026-06-03 11:51:22.37601] [333763] [info] --------------------------------------------------
[2026-06-03 11:51:22.37604] [333763] [info] Topic: id: 144. html_id: 144. title: RSS
[2026-06-03 11:51:22.37631] [333763] [info] --------------------------------------------------
[2026-06-03 11:51:22.37635] [333763] [info] Topic: id: 145. html_id: 145. title: SampleCode
[2026-06-03 11:51:22.37664] [333763] [info] --------------------------------------------------
[2026-06-03 11:51:22.37667] [333763] [info] Topic: id: 146. html_id: 146. title: SandBoxes
[2026-06-03 11:51:22.37693] [333763] [info] --------------------------------------------------
[2026-06-03 11:51:22.37696] [333763] [info] Topic: id: 147. html_id: 147. title: ScamDefences
[2026-06-03 11:51:22.37722] [333763] [info] --------------------------------------------------
[2026-06-03 11:51:22.37724] [333763] [info] Topic: id: 148. html_id: 148. title: ScreenStuff
[2026-06-03 11:51:22.37750] [333763] [info] --------------------------------------------------
[2026-06-03 11:51:22.37753] [333763] [info] Topic: id: 149. html_id: 149. title: SecurityPolicy
[2026-06-03 11:51:22.37788] [333763] [info] --------------------------------------------------
[2026-06-03 11:51:22.37791] [333763] [info] Topic: id: 150. html_id: 150. title: SeismicAnalysis
[2026-06-03 11:51:22.37817] [333763] [info] --------------------------------------------------
[2026-06-03 11:51:22.37820] [333763] [info] Topic: id: 151. html_id: 151. title: SeismicOS
[2026-06-03 11:51:22.37846] [333763] [info] --------------------------------------------------
[2026-06-03 11:51:22.37849] [333763] [info] Topic: id: 152. html_id: 152. title: SemanticWeb
[2026-06-03 11:51:22.37877] [333763] [info] --------------------------------------------------
[2026-06-03 11:51:22.37880] [333763] [info] Topic: id: 153. html_id: 153. title: SetStuff
[2026-06-03 11:51:22.37911] [333763] [info] --------------------------------------------------
[2026-06-03 11:51:22.37914] [333763] [info] Topic: id: 154. html_id: 154. title: SidefLanguage
[2026-06-03 11:51:22.37940] [333763] [info] --------------------------------------------------
[2026-06-03 11:51:22.37943] [333763] [info] Topic: id: 155. html_id: 155. title: SlackWare
[2026-06-03 11:51:22.37969] [333763] [info] --------------------------------------------------
[2026-06-03 11:51:22.37972] [333763] [info] Topic: id: 156. html_id: 156. title: SocialMedia
[2026-06-03 11:51:22.37999] [333763] [info] --------------------------------------------------
[2026-06-03 11:51:22.38002] [333763] [info] Topic: id: 157. html_id: 157. title: SortModules
[2026-06-03 11:51:22.38031] [333763] [info] --------------------------------------------------
[2026-06-03 11:51:22.38034] [333763] [info] Topic: id: 158. html_id: 158. title: SpreadsheetStuff
[2026-06-03 11:51:22.38068] [333763] [info] --------------------------------------------------
[2026-06-03 11:51:22.38071] [333763] [info] Topic: id: 159. html_id: 159. title: SpvmLanguage
[2026-06-03 11:51:22.38107] [333763] [info] --------------------------------------------------
[2026-06-03 11:51:22.38110] [333763] [info] Topic: id: 160. html_id: 160. title: SSH
[2026-06-03 11:51:22.38141] [333763] [info] --------------------------------------------------
[2026-06-03 11:51:22.38144] [333763] [info] Topic: id: 161. html_id: 161. title: StaticSiteBuilders
[2026-06-03 11:51:22.38170] [333763] [info] --------------------------------------------------
[2026-06-03 11:51:22.38173] [333763] [info] Topic: id: 162. html_id: 162. title: StatisticsStuff
[2026-06-03 11:51:22.38203] [333763] [info] --------------------------------------------------
[2026-06-03 11:51:22.38206] [333763] [info] Topic: id: 163. html_id: 163. title: StradaStuff
[2026-06-03 11:51:22.38231] [333763] [info] --------------------------------------------------
[2026-06-03 11:51:22.38234] [333763] [info] Topic: id: 164. html_id: 164. title: StreamingMedia
[2026-06-03 11:51:22.38260] [333763] [info] --------------------------------------------------
[2026-06-03 11:51:22.38263] [333763] [info] Topic: id: 165. html_id: 165. title: StringStuff
[2026-06-03 11:51:22.38302] [333763] [info] --------------------------------------------------
[2026-06-03 11:51:22.38305] [333763] [info] Topic: id: 166. html_id: 166. title: SwitchStatements
[2026-06-03 11:51:22.38341] [333763] [info] --------------------------------------------------
[2026-06-03 11:51:22.38344] [333763] [info] Topic: id: 167. html_id: 167. title: SystemInfo
[2026-06-03 11:51:22.38374] [333763] [info] --------------------------------------------------
[2026-06-03 11:51:22.38376] [333763] [info] Topic: id: 168. html_id: 168. title: SystemMonitoring
[2026-06-03 11:51:22.38424] [333763] [info] --------------------------------------------------
[2026-06-03 11:51:22.38427] [333763] [info] Topic: id: 169. html_id: 169. title: TabularData
[2026-06-03 11:51:22.38463] [333763] [info] --------------------------------------------------
[2026-06-03 11:51:22.38466] [333763] [info] Topic: id: 170. html_id: 170. title: TemplateStuff
[2026-06-03 11:51:22.38507] [333763] [info] --------------------------------------------------
[2026-06-03 11:51:22.38510] [333763] [info] Topic: id: 171. html_id: 171. title: TestingHelp
[2026-06-03 11:51:22.38622] [333763] [info] --------------------------------------------------
[2026-06-03 11:51:22.38625] [333763] [info] Topic: id: 172. html_id: 172. title: TextAnalysisAndFormatting
[2026-06-03 11:51:22.38684] [333763] [info] --------------------------------------------------
[2026-06-03 11:51:22.38687] [333763] [info] Topic: id: 173. html_id: 173. title: TheEUNormGuide
[2026-06-03 11:51:22.38715] [333763] [info] --------------------------------------------------
[2026-06-03 11:51:22.38722] [333763] [info] Topic: id: 174. html_id: 174. title: TheISOGuide
[2026-06-03 11:51:22.38764] [333763] [info] --------------------------------------------------
[2026-06-03 11:51:22.38767] [333763] [info] Topic: id: 175. html_id: 175. title: TheLanguageGuide
[2026-06-03 11:51:22.38792] [333763] [info] --------------------------------------------------
[2026-06-03 11:51:22.38795] [333763] [info] Topic: id: 176. html_id: 176. title: TheOSGuide
[2026-06-03 11:51:22.38821] [333763] [info] --------------------------------------------------
[2026-06-03 11:51:22.38827] [333763] [info] Topic: id: 177. html_id: 177. title: ThePolicyGuide
[2026-06-03 11:51:22.38852] [333763] [info] --------------------------------------------------
[2026-06-03 11:51:22.38855] [333763] [info] Topic: id: 178. html_id: 178. title: TheRFCGuide
[2026-06-03 11:51:22.38906] [333763] [info] --------------------------------------------------
[2026-06-03 11:51:22.38909] [333763] [info] Topic: id: 179. html_id: 179. title: TheWindowGuide
[2026-06-03 11:51:22.38934] [333763] [info] --------------------------------------------------
[2026-06-03 11:51:22.38937] [333763] [info] Topic: id: 180. html_id: 180. title: TiddlyWikis
[2026-06-03 11:51:22.38965] [333763] [info] --------------------------------------------------
[2026-06-03 11:51:22.38968] [333763] [info] Topic: id: 181. html_id: 181. title: ToonLanguage
[2026-06-03 11:51:22.38994] [333763] [info] --------------------------------------------------
[2026-06-03 11:51:22.38997] [333763] [info] Topic: id: 182. html_id: 182. title: TrueTypeFonts
[2026-06-03 11:51:22.39023] [333763] [info] --------------------------------------------------
[2026-06-03 11:51:22.39025] [333763] [info] Topic: id: 183. html_id: 183. title: UninstallModule
[2026-06-03 11:51:22.39050] [333763] [info] --------------------------------------------------
[2026-06-03 11:51:22.39053] [333763] [info] Topic: id: 184. html_id: 184. title: UserInfo
[2026-06-03 11:51:22.39078] [333763] [info] --------------------------------------------------
[2026-06-03 11:51:22.39081] [333763] [info] Topic: id: 185. html_id: 185. title: UserInput
[2026-06-03 11:51:22.39106] [333763] [info] --------------------------------------------------
[2026-06-03 11:51:22.39109] [333763] [info] Topic: id: 186. html_id: 186. title: UsernamePassword
[2026-06-03 11:51:22.39147] [333763] [info] --------------------------------------------------
[2026-06-03 11:51:22.39150] [333763] [info] Topic: id: 187. html_id: 187. title: UTF8
[2026-06-03 11:51:22.39196] [333763] [info] --------------------------------------------------
[2026-06-03 11:51:22.39199] [333763] [info] Topic: id: 188. html_id: 188. title: UtilityStuff
[2026-06-03 11:51:22.39238] [333763] [info] --------------------------------------------------
[2026-06-03 11:51:22.39241] [333763] [info] Topic: id: 189. html_id: 189. title: UUID
[2026-06-03 11:51:22.39273] [333763] [info] --------------------------------------------------
[2026-06-03 11:51:22.39276] [333763] [info] Topic: id: 190. html_id: 190. title: VersionControl
[2026-06-03 11:51:22.39303] [333763] [info] --------------------------------------------------
[2026-06-03 11:51:22.39306] [333763] [info] Topic: id: 191. html_id: 191. title: VersionWare
[2026-06-03 11:51:22.39335] [333763] [info] --------------------------------------------------
[2026-06-03 11:51:22.39338] [333763] [info] Topic: id: 192. html_id: 192. title: VirtualMachines
[2026-06-03 11:51:22.39368] [333763] [info] --------------------------------------------------
[2026-06-03 11:51:22.39371] [333763] [info] Topic: id: 193. html_id: 193. title: WantArray
[2026-06-03 11:51:22.39396] [333763] [info] --------------------------------------------------
[2026-06-03 11:51:22.39399] [333763] [info] Topic: id: 194. html_id: 194. title: WeatherStuff
[2026-06-03 11:51:22.39426] [333763] [info] --------------------------------------------------
[2026-06-03 11:51:22.39430] [333763] [info] Topic: id: 195. html_id: 195. title: WebSecurity
[2026-06-03 11:51:22.39456] [333763] [info] --------------------------------------------------
[2026-06-03 11:51:22.39459] [333763] [info] Topic: id: 196. html_id: 196. title: WebServices
[2026-06-03 11:51:22.39534] [333763] [info] --------------------------------------------------
[2026-06-03 11:51:22.39537] [333763] [info] Topic: id: 197. html_id: 197. title: WeirdAndWonderful
[2026-06-03 11:51:22.39567] [333763] [info] --------------------------------------------------
[2026-06-03 11:51:22.39570] [333763] [info] Topic: id: 198. html_id: 198. title: WikiStuff
[2026-06-03 11:51:22.39601] [333763] [info] --------------------------------------------------
[2026-06-03 11:51:22.39604] [333763] [info] Topic: id: 199. html_id: 199. title: Win32Stuff
[2026-06-03 11:51:22.39632] [333763] [info] --------------------------------------------------
[2026-06-03 11:51:22.39635] [333763] [info] Topic: id: 200. html_id: 200. title: WindowManagement
[2026-06-03 11:51:22.39661] [333763] [info] --------------------------------------------------
[2026-06-03 11:51:22.39664] [333763] [info] Topic: id: 201. html_id: 201. title: XDGBaseDirectorySpecification
[2026-06-03 11:51:22.39696] [333763] [info] --------------------------------------------------
[2026-06-03 11:51:22.39700] [333763] [info] Topic: id: 202. html_id: 202. title: XML
[2026-06-03 11:51:22.39735] [333763] [info] --------------------------------------------------
[2026-06-03 11:51:22.39738] [333763] [info] Topic: id: 203. html_id: 203. title: XS
[2026-06-03 11:51:22.39765] [333763] [info] --------------------------------------------------
[2026-06-03 11:51:22.39768] [333763] [info] Topic: id: 204. html_id: 204. title: XWindowsStuff
[2026-06-03 11:51:22.39795] [333763] [info] --------------------------------------------------
[2026-06-03 11:51:22.39798] [333763] [info] Topic: id: 205. html_id: 205. title: YamlStuff
[2026-06-03 11:51:22.39828] [333763] [info] --------------------------------------------------
[2026-06-03 11:51:22.39831] [333763] [info] Topic: id: 206. html_id: 206. title: ZMQ
[2026-06-03 11:51:22.39858] [333763] [info] --------------------------------------------------
[2026-06-03 11:51:22.39861] [333763] [info] Topic: id: 207. html_id: 207. title: ZuzuLanguage
[2026-06-03 11:51:22.39886] [333763] [info] --------------------------------------------------
